<?xml version="1.0" encoding="UTF-8"?>
<testsuite name="com.kn.freightnet.springstarterdemo.SpringStarterDemoApplicationTests" tests="1" skipped="0" failures="0" errors="0" timestamp="2019-07-05T09:48:00" hostname="DEW35348.local" time="0.232">
  <properties/>
  <testcase name="contextLoads" classname="com.kn.freightnet.springstarterdemo.SpringStarterDemoApplicationTests" time="0.232"/>
  <system-out><![CDATA[11:47:56.474 [Test worker] DEBUG org.springframework.test.context.junit4.SpringJUnit4ClassRunner - SpringJUnit4ClassRunner constructor called with [class com.kn.freightnet.springstarterdemo.SpringStarterDemoApplicationTests]
11:47:56.486 [Test worker] DEBUG org.springframework.test.context.BootstrapUtils - Instantiating CacheAwareContextLoaderDelegate from class [org.springframework.test.context.cache.DefaultCacheAwareContextLoaderDelegate]
11:47:56.493 [Test worker] DEBUG org.springframework.test.context.BootstrapUtils - Instantiating BootstrapContext using constructor [public org.springframework.test.context.support.DefaultBootstrapContext(java.lang.Class,org.springframework.test.context.CacheAwareContextLoaderDelegate)]
11:47:56.507 [Test worker] DEBUG org.springframework.test.context.BootstrapUtils - Instantiating TestContextBootstrapper for test class [com.kn.freightnet.springstarterdemo.SpringStarterDemoApplicationTests] from class [org.springframework.boot.test.context.SpringBootTestContextBootstrapper]
11:47:56.516 [Test worker] INFO org.springframework.boot.test.context.SpringBootTestContextBootstrapper - Neither @ContextConfiguration nor @ContextHierarchy found for test class [com.kn.freightnet.springstarterdemo.SpringStarterDemoApplicationTests], using SpringBootContextLoader
11:47:56.519 [Test worker] DEBUG org.springframework.test.context.support.AbstractContextLoader - Did not detect default resource location for test class [com.kn.freightnet.springstarterdemo.SpringStarterDemoApplicationTests]: class path resource [com/kn/freightnet/springstarterdemo/SpringStarterDemoApplicationTests-context.xml] does not exist
11:47:56.520 [Test worker] DEBUG org.springframework.test.context.support.AbstractContextLoader - Did not detect default resource location for test class [com.kn.freightnet.springstarterdemo.SpringStarterDemoApplicationTests]: class path resource [com/kn/freightnet/springstarterdemo/SpringStarterDemoApplicationTestsContext.groovy] does not exist
11:47:56.520 [Test worker] INFO org.springframework.test.context.support.AbstractContextLoader - Could not detect default resource locations for test class [com.kn.freightnet.springstarterdemo.SpringStarterDemoApplicationTests]: no resource found for suffixes {-context.xml, Context.groovy}.
11:47:56.521 [Test worker] INFO org.springframework.test.context.support.AnnotationConfigContextLoaderUtils - Could not detect default configuration classes for test class [com.kn.freightnet.springstarterdemo.SpringStarterDemoApplicationTests]: SpringStarterDemoApplicationTests does not declare any static, non-private, non-final, nested classes annotated with @Configuration.
11:47:56.553 [Test worker] DEBUG org.springframework.test.context.support.ActiveProfilesUtils - Could not find an 'annotation declaring class' for annotation type [org.springframework.test.context.ActiveProfiles] and class [com.kn.freightnet.springstarterdemo.SpringStarterDemoApplicationTests]
11:47:56.606 [Test worker] DEBUG org.springframework.context.annotation.ClassPathScanningCandidateComponentProvider - Identified candidate component class: file [/Users/daiany.palacios/graal-mission/build/classes/java/main/com/kn/freightnet/springstarterdemo/SpringStarterDemoApplication.class]
11:47:56.607 [Test worker] INFO org.springframework.boot.test.context.SpringBootTestContextBootstrapper - Found @SpringBootConfiguration com.kn.freightnet.springstarterdemo.SpringStarterDemoApplication for test class com.kn.freightnet.springstarterdemo.SpringStarterDemoApplicationTests
11:47:56.672 [Test worker] DEBUG org.springframework.boot.test.context.SpringBootTestContextBootstrapper - @TestExecutionListeners is not present for class [com.kn.freightnet.springstarterdemo.SpringStarterDemoApplicationTests]: using defaults.
11:47:56.672 [Test worker] INFO org.springframework.boot.test.context.SpringBootTestContextBootstrapper - Loaded default TestExecutionListener class names from location [META-INF/spring.factories]: [org.springframework.boot.test.autoconfigure.restdocs.RestDocsTestExecutionListener, org.springframework.boot.test.autoconfigure.web.client.MockRestServiceServerResetTestExecutionListener, org.springframework.boot.test.autoconfigure.web.servlet.MockMvcPrintOnlyOnFailureTestExecutionListener, org.springframework.boot.test.autoconfigure.web.servlet.WebDriverTestExecutionListener, org.springframework.boot.test.mock.mockito.MockitoTestExecutionListener, org.springframework.boot.test.mock.mockito.ResetMocksTestExecutionListener, org.springframework.test.context.web.ServletTestExecutionListener, org.springframework.test.context.support.DirtiesContextBeforeModesTestExecutionListener, org.springframework.test.context.support.DependencyInjectionTestExecutionListener, org.springframework.test.context.support.DirtiesContextTestExecutionListener, org.springframework.test.context.transaction.TransactionalTestExecutionListener, org.springframework.test.context.jdbc.SqlScriptsTestExecutionListener]
11:47:56.683 [Test worker] INFO org.springframework.boot.test.context.SpringBootTestContextBootstrapper - Using TestExecutionListeners: [org.springframework.test.context.web.ServletTestExecutionListener@71b2bed, org.springframework.test.context.support.DirtiesContextBeforeModesTestExecutionListener@17a0caa9, org.springframework.boot.test.mock.mockito.MockitoTestExecutionListener@4e84a383, org.springframework.boot.test.autoconfigure.SpringBootDependencyInjectionTestExecutionListener@4cbda25b, org.springframework.test.context.support.DirtiesContextTestExecutionListener@12a7ac62, org.springframework.test.context.transaction.TransactionalTestExecutionListener@343d91d, org.springframework.test.context.jdbc.SqlScriptsTestExecutionListener@68b0fa4d, org.springframework.boot.test.autoconfigure.restdocs.RestDocsTestExecutionListener@49be227a, org.springframework.boot.test.autoconfigure.web.client.MockRestServiceServerResetTestExecutionListener@66554393, org.springframework.boot.test.autoconfigure.web.servlet.MockMvcPrintOnlyOnFailureTestExecutionListener@7bc3e575, org.springframework.boot.test.autoconfigure.web.servlet.WebDriverTestExecutionListener@144e0ad2, org.springframework.boot.test.mock.mockito.ResetMocksTestExecutionListener@2cdb57d3]
11:47:56.684 [Test worker] DEBUG org.springframework.test.annotation.ProfileValueUtils - Retrieved @ProfileValueSourceConfiguration [null] for test class [com.kn.freightnet.springstarterdemo.SpringStarterDemoApplicationTests]
11:47:56.685 [Test worker] DEBUG org.springframework.test.annotation.ProfileValueUtils - Retrieved ProfileValueSource type [class org.springframework.test.annotation.SystemProfileValueSource] for class [com.kn.freightnet.springstarterdemo.SpringStarterDemoApplicationTests]
11:47:56.685 [Test worker] DEBUG org.springframework.test.annotation.ProfileValueUtils - Retrieved @ProfileValueSourceConfiguration [null] for test class [com.kn.freightnet.springstarterdemo.SpringStarterDemoApplicationTests]
11:47:56.685 [Test worker] DEBUG org.springframework.test.annotation.ProfileValueUtils - Retrieved ProfileValueSource type [class org.springframework.test.annotation.SystemProfileValueSource] for class [com.kn.freightnet.springstarterdemo.SpringStarterDemoApplicationTests]
11:47:56.688 [Test worker] DEBUG org.springframework.test.context.support.AbstractDirtiesContextTestExecutionListener - Before test class: context [DefaultTestContext@29fa0865 testClass = SpringStarterDemoApplicationTests, testInstance = [null], testMethod = [null], testException = [null], mergedContextConfiguration = [WebMergedContextConfiguration@426d5501 testClass = SpringStarterDemoApplicationTests, locations = '{}', classes = '{class com.kn.freightnet.springstarterdemo.SpringStarterDemoApplication}', contextInitializerClasses = '[]', activeProfiles = '{}', propertySourceLocations = '{}', propertySourceProperties = '{org.springframework.boot.test.context.SpringBootTestContextBootstrapper=true}', contextCustomizers = set[org.springframework.boot.test.autoconfigure.properties.PropertyMappingContextCustomizer@0, org.springframework.boot.test.autoconfigure.web.servlet.WebDriverContextCustomizerFactory$Customizer@70731564, org.springframework.boot.test.context.filter.ExcludeFilterContextCustomizer@642aaf0, org.springframework.boot.test.json.DuplicateJsonObjectContextCustomizerFactory$DuplicateJsonObjectContextCustomizer@3aa0b078, org.springframework.boot.test.mock.mockito.MockitoContextCustomizer@0, org.springframework.boot.test.web.client.TestRestTemplateContextCustomizer@39fb0550], resourceBasePath = 'src/main/webapp', contextLoader = 'org.springframework.boot.test.context.SpringBootContextLoader', parent = [null]], attributes = map['org.springframework.test.context.web.ServletTestExecutionListener.activateListener' -> true]], class annotated with @DirtiesContext [false] with mode [null].
11:47:56.689 [Test worker] DEBUG org.springframework.test.annotation.ProfileValueUtils - Retrieved @ProfileValueSourceConfiguration [null] for test class [com.kn.freightnet.springstarterdemo.SpringStarterDemoApplicationTests]
11:47:56.689 [Test worker] DEBUG org.springframework.test.annotation.ProfileValueUtils - Retrieved ProfileValueSource type [class org.springframework.test.annotation.SystemProfileValueSource] for class [com.kn.freightnet.springstarterdemo.SpringStarterDemoApplicationTests]
11:47:56.703 [Test worker] DEBUG org.springframework.test.context.support.TestPropertySourceUtils - Adding inlined properties to environment: {spring.jmx.enabled=false, org.springframework.boot.test.context.SpringBootTestContextBootstrapper=true, server.port=-1}

  .   ____          _            __ _ _
 /\\ / ___'_ __ _ _(_)_ __  __ _ \ \ \ \
( ( )\___ | '_ | '_| | '_ \/ _` | \ \ \ \
 \\/  ___)| |_)| | | | | || (_| |  ) ) ) )
  '  |____| .__|_| |_|_| |_\__, | / / / /
 =========|_|==============|___/=/_/_/_/
 :: Spring Boot ::        (v2.1.6.RELEASE)

2019-07-05 11:47:57.453  INFO 17356 --- [    Test worker] .k.f.s.SpringStarterDemoApplicationTests : Starting SpringStarterDemoApplicationTests on DEW35348.local with PID 17356 (started by daiany.palacios in /Users/daiany.palacios/graal-mission)
2019-07-05 11:47:57.455  INFO 17356 --- [    Test worker] .k.f.s.SpringStarterDemoApplicationTests : No active profile set, falling back to default profiles: default
2019-07-05 11:47:58.135  INFO 17356 --- [    Test worker] .s.d.r.c.RepositoryConfigurationDelegate : Bootstrapping Spring Data repositories in DEFAULT mode.
2019-07-05 11:47:58.153  INFO 17356 --- [    Test worker] .s.d.r.c.RepositoryConfigurationDelegate : Finished Spring Data repository scanning in 10ms. Found 0 repository interfaces.
2019-07-05 11:47:58.530  INFO 17356 --- [    Test worker] trationDelegate$BeanPostProcessorChecker : Bean 'org.springframework.transaction.annotation.ProxyTransactionManagementConfiguration' of type [org.springframework.transaction.annotation.ProxyTransactionManagementConfiguration$$EnhancerBySpringCGLIB$$1bda79b7] is not eligible for getting processed by all BeanPostProcessors (for example: not eligible for auto-proxying)
2019-07-05 11:47:58.706  INFO 17356 --- [    Test worker] com.zaxxer.hikari.HikariDataSource       : HikariPool-1 - Starting...
2019-07-05 11:47:58.837  INFO 17356 --- [    Test worker] com.zaxxer.hikari.HikariDataSource       : HikariPool-1 - Start completed.
2019-07-05 11:47:58.922  INFO 17356 --- [    Test worker] o.hibernate.jpa.internal.util.LogHelper  : HHH000204: Processing PersistenceUnitInfo [
	name: default
	...]
2019-07-05 11:47:58.974  INFO 17356 --- [    Test worker] org.hibernate.Version                    : HHH000412: Hibernate Core {5.3.10.Final}
2019-07-05 11:47:58.975  INFO 17356 --- [    Test worker] org.hibernate.cfg.Environment            : HHH000206: hibernate.properties not found
2019-07-05 11:47:59.100  INFO 17356 --- [    Test worker] o.hibernate.annotations.common.Version   : HCANN000001: Hibernate Commons Annotations {5.0.4.Final}
2019-07-05 11:47:59.217  INFO 17356 --- [    Test worker] org.hibernate.dialect.Dialect            : HHH000400: Using dialect: org.hibernate.dialect.H2Dialect
2019-07-05 11:47:59.415  INFO 17356 --- [    Test worker] o.h.t.schema.internal.SchemaCreatorImpl  : HHH000476: Executing import script 'org.hibernate.tool.schema.internal.exec.ScriptSourceInputNonExistentImpl@fa88650'
2019-07-05 11:47:59.418  INFO 17356 --- [    Test worker] j.LocalContainerEntityManagerFactoryBean : Initialized JPA EntityManagerFactory for persistence unit 'default'
2019-07-05 11:48:00.077  INFO 17356 --- [    Test worker] o.s.s.concurrent.ThreadPoolTaskExecutor  : Initializing ExecutorService 'applicationTaskExecutor'
2019-07-05 11:48:00.123  WARN 17356 --- [    Test worker] aWebConfiguration$JpaWebMvcConfiguration : spring.jpa.open-in-view is enabled by default. Therefore, database queries may be performed during view rendering. Explicitly configure spring.jpa.open-in-view to disable this warning
2019-07-05 11:48:00.818  INFO 17356 --- [    Test worker] o.s.b.a.e.web.EndpointLinksResolver      : Exposing 2 endpoint(s) beneath base path '/actuator'
2019-07-05 11:48:00.878  INFO 17356 --- [    Test worker] .k.f.s.SpringStarterDemoApplicationTests : Started SpringStarterDemoApplicationTests in 4.168 seconds (JVM running for 8.6)
]]></system-out>
  <system-err><![CDATA[]]></system-err>
</testsuite>
